<?xml version="1.0" encoding="UTF-8"?><testsuite errors="1" failures="0" name="Pruebas demo QA" skipped="0" tests="1" time="306.29" timestamp="2021-10-29 08:02:06"><testcase name="Registro de formulario"><error message="timeout: Timed out receiving message from renderer: 298.682&#10;  (Session info: chrome=95.0.4638.54)&#10;Build info: version: '3.14.0', revision: 'aacccce0', time: '2018-08-02T20:19:58.91Z'&#10;System info: host: 'DESKTOP-BUGDR71', ip: '192.168.85.172', os.name: 'Windows 10', os.arch: 'amd64', os.version: '10.0', java.version: '1.8.0_251'&#10;Driver info: org.openqa.selenium.chrome.ChromeDriver&#10;Capabilities {acceptInsecureCerts: false, browserName: chrome, browserVersion: 95.0.4638.54, chrome: {chromedriverVersion: 94.0.4606.61 (418b78f5838ed..., userDataDir: C:\Users\BREYSI\AppData\Loc...}, goog:chromeOptions: {debuggerAddress: localhost:50892}, javascriptEnabled: true, networkConnectionEnabled: false, pageLoadStrategy: normal, platform: WINDOWS, platformName: WINDOWS, proxy: Proxy(), setWindowRect: true, strictFileInteractability: false, timeouts: {implicit: 0, pageLoad: 300000, script: 30000}, unhandledPromptBehavior: dismiss and notify, webauthn:extension:credBlob: true, webauthn:extension:largeBlob: true, webauthn:virtualAuthenticators: true}&#10;Session ID: 8d619e8b415a73bb7f9710371676b510&#10;Build info: version: '3.14.0', revision: 'aacccce0', time: '2018-08-02T20:19:58.91Z'&#10;System info: host: 'DESKTOP-BUGDR71', ip: '192.168.85.172', os.name: 'Windows 10', os.arch: 'amd64', os.version: '10.0', java.version: '1.8.0_251'&#10;Driver info: driver.version: unknown" type="org.openqa.selenium.TimeoutException">timeout: Timed out receiving message from renderer: 298.682
  (Session info: chrome=95.0.4638.54)
Build info: version: '3.14.0', revision: 'aacccce0', time: '2018-08-02T20:19:58.91Z'
System info: host: 'DESKTOP-BUGDR71', ip: '192.168.85.172', os.name: 'Windows 10', os.arch: 'amd64', os.version: '10.0', java.version: '1.8.0_251'
Driver info: org.openqa.selenium.chrome.ChromeDriver
Capabilities {acceptInsecureCerts: false, browserName: chrome, browserVersion: 95.0.4638.54, chrome: {chromedriverVersion: 94.0.4606.61 (418b78f5838ed..., userDataDir: C:\Users\BREYSI\AppData\Loc...}, goog:chromeOptions: {debuggerAddress: localhost:50892}, javascriptEnabled: true, networkConnectionEnabled: false, pageLoadStrategy: normal, platform: WINDOWS, platformName: WINDOWS, proxy: Proxy(), setWindowRect: true, strictFileInteractability: false, timeouts: {implicit: 0, pageLoad: 300000, script: 30000}, unhandledPromptBehavior: dismiss and notify, webauthn:extension:credBlob: true, webauthn:extension:largeBlob: true, webauthn:virtualAuthenticators: true}
Session ID: 8d619e8b415a73bb7f9710371676b510
Build info: version: '3.14.0', revision: 'aacccce0', time: '2018-08-02T20:19:58.91Z'
System info: host: 'DESKTOP-BUGDR71', ip: '192.168.85.172', os.name: 'Windows 10', os.arch: 'amd64', os.version: '10.0', java.version: '1.8.0_251'
Driver info: driver.version: unknown</error><system-err>timeout: Timed out receiving message from renderer: 298.682
  (Session info: chrome=95.0.4638.54)
Build info: version: '3.14.0', revision: 'aacccce0', time: '2018-08-02T20:19:58.91Z'
System info: host: 'DESKTOP-BUGDR71', ip: '192.168.85.172', os.name: 'Windows 10', os.arch: 'amd64', os.version: '10.0', java.version: '1.8.0_251'
Driver info: org.openqa.selenium.chrome.ChromeDriver
Capabilities {acceptInsecureCerts: false, browserName: chrome, browserVersion: 95.0.4638.54, chrome: {chromedriverVersion: 94.0.4606.61 (418b78f5838ed..., userDataDir: C:\Users\BREYSI\AppData\Loc...}, goog:chromeOptions: {debuggerAddress: localhost:50892}, javascriptEnabled: true, networkConnectionEnabled: false, pageLoadStrategy: normal, platform: WINDOWS, platformName: WINDOWS, proxy: Proxy(), setWindowRect: true, strictFileInteractability: false, timeouts: {implicit: 0, pageLoad: 300000, script: 30000}, unhandledPromptBehavior: dismiss and notify, webauthn:extension:credBlob: true, webauthn:extension:largeBlob: true, webauthn:virtualAuthenticators: true}
Session ID: 8d619e8b415a73bb7f9710371676b510
Build info: version: '3.14.0', revision: 'aacccce0', time: '2018-08-02T20:19:58.91Z'
System info: host: 'DESKTOP-BUGDR71', ip: '192.168.85.172', os.name: 'Windows 10', os.arch: 'amd64', os.version: '10.0', java.version: '1.8.0_251'
Driver info: driver.version: unknown&#13;
stepDefinition.PracticeFromStepdefinition.queLaWebTollQaPracticeFormEstaDisponible(PracticeFromStepdefinition.java:18)&#13;
✽.que la web TollQa Practice Form esta disponible(src/test/resources/feature/TestPracticeForm.feature:14)&#13;
</system-err></testcase></testsuite>