<?xml version="1.0" encoding="UTF-8"?><testsuite errors="1" failures="0" name="Pruebas demoQA" skipped="0" tests="1" time="49.58" timestamp="2021-10-27 04:31:59"><testcase name="funcionalidad de radio buton"><error type="java.lang.NullPointerException"/><system-err>null&#13;
page.RadioButonDemoQaPage.selectOptionRadioButon(RadioButonDemoQaPage.java:88)&#13;
stepDefinition.RadioButonDemoQAStepDefinition.presionaClicEnUnaDeLasOpciones(RadioButonDemoQAStepDefinition.java:38)&#13;
✽.presiona clic en una de las opciones(src/test/resources/feature/TestRadioButonDemoQA.feature:15)&#13;
</system-err></testcase></testsuite>