<?xml version="1.0" encoding="UTF-8"?><testsuite errors="1" failures="0" name="Pruebas demo QA" skipped="0" tests="1" time="61.49" timestamp="2021-10-27 04:24:55"><testcase name="funcionalidad de radio buton"><error message="Timed out after 2 seconds. Element not available&#10;Build info: version: '3.14.0', revision: 'aacccce0', time: '2018-08-02T20:19:58.91Z'&#10;System info: host: 'DESKTOP-BUGDR71', ip: '192.168.154.172', os.name: 'Windows 10', os.arch: 'amd64', os.version: '10.0', java.version: '1.8.0_251'&#10;Driver info: driver.version: unknown&#10;Build info: version: '3.14.0', revision: 'aacccce0', time: '2018-08-02T20:19:58.91Z'&#10;System info: host: 'DESKTOP-BUGDR71', ip: '192.168.154.172', os.name: 'Windows 10', os.arch: 'amd64', os.version: '10.0', java.version: '1.8.0_251'&#10;Driver info: driver.version: unknown" type="org.openqa.selenium.ElementNotVisibleException">Timed out after 2 seconds. Element not available
Build info: version: '3.14.0', revision: 'aacccce0', time: '2018-08-02T20:19:58.91Z'
System info: host: 'DESKTOP-BUGDR71', ip: '192.168.154.172', os.name: 'Windows 10', os.arch: 'amd64', os.version: '10.0', java.version: '1.8.0_251'
Driver info: driver.version: unknown
Build info: version: '3.14.0', revision: 'aacccce0', time: '2018-08-02T20:19:58.91Z'
System info: host: 'DESKTOP-BUGDR71', ip: '192.168.154.172', os.name: 'Windows 10', os.arch: 'amd64', os.version: '10.0', java.version: '1.8.0_251'
Driver info: driver.version: unknown</error><system-err>Timed out after 2 seconds. Element not available
Build info: version: '3.14.0', revision: 'aacccce0', time: '2018-08-02T20:19:58.91Z'
System info: host: 'DESKTOP-BUGDR71', ip: '192.168.154.172', os.name: 'Windows 10', os.arch: 'amd64', os.version: '10.0', java.version: '1.8.0_251'
Driver info: driver.version: unknown
Build info: version: '3.14.0', revision: 'aacccce0', time: '2018-08-02T20:19:58.91Z'
System info: host: 'DESKTOP-BUGDR71', ip: '192.168.154.172', os.name: 'Windows 10', os.arch: 'amd64', os.version: '10.0', java.version: '1.8.0_251'
Driver info: driver.version: unknown&#13;
page.RadioButonDemoQaPage.selectOptionRadioButon(RadioButonDemoQaPage.java:88)&#13;
stepDefinition.RadioButonDemoQAStepDefinition.presionaClicEnUnaDeLasOpciones(RadioButonDemoQAStepDefinition.java:38)&#13;
✽.presiona clic en una de las opciones(src/test/resources/feature/TestChexBoxDemoQA.feature:40)&#13;
</system-err></testcase></testsuite>